Starting parse
Entering state 0
Reading a token: Next token is token T_UNIVERSE ()
Shifting token T_UNIVERSE ()
Entering state 1
Reducing stack by rule 2 (line 40):
   $1 = token T_UNIVERSE ()
-> $$ = nterm universes ()
Stack now 0
Entering state 3
Reading a token: Next token is token T_UNIVERSE ()
Shifting token T_UNIVERSE ()
Entering state 5
Reducing stack by rule 3 (line 47):
   $1 = nterm universes ()
   $2 = token T_UNIVERSE ()
-> $$ = nterm universes ()
Stack now 0
Entering state 3
Reading a token: Next token is token T_UNIVERSE ()
Shifting token T_UNIVERSE ()
Entering state 5
Reducing stack by rule 3 (line 47):
   $1 = nterm universes ()
   $2 = token T_UNIVERSE ()
-> $$ = nterm universes ()
Stack now 0
Entering state 3
Reading a token: Next token is token T_UNIVERSE ()
Shifting token T_UNIVERSE ()
Entering state 5
Reducing stack by rule 3 (line 47):
   $1 = nterm universes ()
   $2 = token T_UNIVERSE ()
-> $$ = nterm universes ()
Stack now 0
Entering state 3
Reading a token: Now at end of input.
Reducing stack by rule 1 (line 32):
   $1 = nterm universes ()
-> $$ = nterm everything ()
Stack now 0
Entering state 2
Now at end of input.
Shifting token $end ()
Entering state 4
Stack now 0 2 4
Cleanup: popping token $end ()
Cleanup: popping nterm everything ()
for mxs802 start time: Tue Sep 14 09:18:27 2010
T_UNIVERSE: $1=49
universes: $1=49 T_UNIVERSE: $2=50
universes: $1=49 T_UNIVERSE: $2=51
universes: $1=49 T_UNIVERSE: $2=52
universes: $1=49
