This is pdfTeX, Version 3.1415926-1.40.10 (MiKTeX 2.8) (preloaded format=pdflatex 2010.9.14)  30 SEP 2010 13:29
entering extended mode
**Algorithms_hw4.tex
(N:\eecs340\hw04\Algorithms_hw4.tex
LaTeX2e <2009/09/24>
Babel <v3.8l> and hyphenation patterns for english, dumylang, nohyphenation, ge
rman, ngerman, german-x-2009-06-19, ngerman-x-2009-06-19, french, loaded.
("C:\Program Files (x86)\MiKTeX 2.8\tex\latex\base\article.cls"
Document Class: article 2007/10/19 v1.4h Standard LaTeX document class
("C:\Program Files (x86)\MiKTeX 2.8\tex\latex\base\size11.clo"
File: size11.clo 2007/10/19 v1.4h Standard LaTeX file (size option)
)
\c@part=\count79
\c@section=\count80
\c@subsection=\count81
\c@subsubsection=\count82
\c@paragraph=\count83
\c@subparagraph=\count84
\c@figure=\count85
\c@table=\count86
\abovecaptionskip=\skip41
\belowcaptionskip=\skip42
\bibindent=\dimen102
)
("C:\Program Files (x86)\MiKTeX 2.8\tex\latex\geometry\geometry.sty"
Package: geometry 2010/07/13 v5.5 Page Geometry

("C:\Program Files (x86)\MiKTeX 2.8\tex\latex\graphics\keyval.sty"
Package: keyval 1999/03/16 v1.13 key=value parser (DPC)
\KV@toks@=\toks14
)
("C:\Program Files (x86)\MiKTeX 2.8\tex\generic\oberdiek\ifpdf.sty"
Package: ifpdf 2010/01/28 v2.1 Provides the ifpdf switch (HO)
Package ifpdf Info: pdfTeX in pdf mode detected.
)
("C:\Program Files (x86)\MiKTeX 2.8\tex\generic\oberdiek\ifvtex.sty"
Package: ifvtex 2010/03/01 v1.5 Switches for detecting VTeX and its modes (HO)
Package ifvtex Info: VTeX not detected.
)
\Gm@cnth=\count87
\Gm@cntv=\count88
\c@Gm@tempcnt=\count89
\Gm@bindingoffset=\dimen103
\Gm@wd@mp=\dimen104
\Gm@odd@mp=\dimen105
\Gm@even@mp=\dimen106
\Gm@layoutwidth=\dimen107
\Gm@layoutheight=\dimen108
\Gm@layouthoffset=\dimen109
\Gm@layoutvoffset=\dimen110
\Gm@dimlist=\toks15

("C:\Program Files (x86)\MiKTeX 2.8\tex\latex\geometry\geometry.cfg"))
(C:\Users\Mark\AppData\Roaming\MiKTeX\2.8\tex\latex\qtree\qtree.sty
Package: 2008/12/12 v.3.1bQtree: tree-drawing for linguistics
Package: qtree 2008/12/12 v.3.1bQtree: tree-drawing for linguistics
(C:\Users\Mark\AppData\Roaming\MiKTeX\2.8\tex\latex\pict2e\pict2e.sty
Package: pict2e 2009/08/05 v0.2x Improved picture commands (HjG,RN,JT)

("C:\Program Files (x86)\MiKTeX 2.8\tex\latex\00miktex\pict2e.cfg"
File: pict2e.cfg 2005/12/29 v1.0 MiKTeX 'pict2e' configuration
)
Package pict2e Info: Driver file: pdftex.def on input line 101.

("C:\Program Files (x86)\MiKTeX 2.8\tex\latex\pdftex-def\pdftex.def"
File: pdftex.def 2010/04/15 v0.04r Graphics/color for pdfTeX
\Gread@gobject=\count90
)
Package pict2e Info: Driver file for pict2e: p2e-pdftex.def on input line 103.

(C:\Users\Mark\AppData\Roaming\MiKTeX\2.8\tex\latex\pict2e\p2e-pdftex.def
File: p2e-pdftex.def 2009/08/05 v0.1s Driver-dependant file (RN,HjG,JT)
)
("C:\Program Files (x86)\MiKTeX 2.8\tex\latex\graphics\trig.sty"
Package: trig 1999/03/16 v1.09 sin cos tan (DPC)
)
\pIIe@GRAPH=\toks16
\@arclen=\dimen111
\@arcrad=\dimen112
\@tempdimd=\dimen113
)
\c@treecount=\count91
\c@branchcount=\count92
\parentbox=\box26
\treebox=\box27
\treeboxone=\box28
\treeboxtwo=\box29
\treeboxthree=\box30
\treeboxfour=\box31
\treeboxfive=\box32
\treeboxsix=\box33
\treeboxseven=\box34
\treeboxeight=\box35
\treeboxnine=\box36
\treeboxten=\box37
\treeboxeleven=\box38
\treeboxtwelve=\box39
\treeboxthirteen=\box40
\treeboxfourteen=\box41
\treeboxfifteen=\box42
\treeboxsixteen=\box43
\treeboxseventeen=\box44
\treeboxeighteen=\box45
\treeboxnineteen=\box46
\treeboxtwenty=\box47
\treeoffsetone=\skip43
\treeoffsettwo=\skip44
\treeoffsetthree=\skip45
\treeoffsetfour=\skip46
\treeoffsetfive=\skip47
\treeoffsetsix=\skip48
\treeoffsetseven=\skip49
\treeoffseteight=\skip50
\treeoffsetnine=\skip51
\treeoffsetten=\skip52
\treeoffseteleven=\skip53
\treeoffsettwelve=\skip54
\treeoffsetthirteen=\skip55
\treeoffsetfourteen=\skip56
\treeoffsetfifteen=\skip57
\treeoffsetsixteen=\skip58
\treeoffsetseventeen=\skip59
\treeoffseteighteen=\skip60
\treeoffsetnineteen=\skip61
\treeoffsettwenty=\skip62
\treeshiftone=\skip63
\treeshifttwo=\skip64
\treeshiftthree=\skip65
\treeshiftfour=\skip66
\treeshiftfive=\skip67
\treeshiftsix=\skip68
\treeshiftseven=\skip69
\treeshifteight=\skip70
\treeshiftnine=\skip71
\treeshiftten=\skip72
\treeshifteleven=\skip73
\treeshifttwelve=\skip74
\treeshiftthirteen=\skip75
\treeshiftfourteen=\skip76
\treeshiftfifteen=\skip77
\treeshiftsixteen=\skip78
\treeshiftseventeen=\skip79
\treeshifteighteen=\skip80
\treeshiftnineteen=\skip81
\treeshifttwenty=\skip82
\treewidthone=\skip83
\treewidthtwo=\skip84
\treewidththree=\skip85
\treewidthfour=\skip86
\treewidthfive=\skip87
\treewidthsix=\skip88
\treewidthseven=\skip89
\treewidtheight=\skip90
\treewidthnine=\skip91
\treewidthten=\skip92
\treewidtheleven=\skip93
\treewidthtwelve=\skip94
\treewidththirteen=\skip95
\treewidthfourteen=\skip96
\treewidthfifteen=\skip97
\treewidthsixteen=\skip98
\treewidthseventeen=\skip99
\treewidtheighteen=\skip100
\treewidthnineteen=\skip101
\treewidthtwenty=\skip102
\daughteroffsetone=\skip103
\daughteroffsettwo=\skip104
\daughteroffsetthree=\skip105
\daughteroffsetfour=\skip106
\branchwidthone=\skip107
\branchwidthtwo=\skip108
\branchwidththree=\skip109
\branchwidthfour=\skip110
\parentoffset=\skip111
\treeoffset=\skip112
\daughteroffset=\skip113
\branchwidth=\skip114
\parentwidth=\skip115
\treewidth=\skip116
\qta=\toks17
\qtb=\toks18
\nbranches=\count93
\qroofx=\count94
\qroofy=\count95
\@qrscratchbox=\box48
)
("C:\Program Files (x86)\MiKTeX 2.8\tex\latex\ams\math\amsmath.sty"
Package: amsmath 2000/07/18 v2.13 AMS math features
\@mathmargin=\skip117

For additional information on amsmath, use the `?' option.
("C:\Program Files (x86)\MiKTeX 2.8\tex\latex\ams\math\amstext.sty"
Package: amstext 2000/06/29 v2.01

("C:\Program Files (x86)\MiKTeX 2.8\tex\latex\ams\math\amsgen.sty"
File: amsgen.sty 1999/11/30 v2.0
\@emptytoks=\toks19
\ex@=\dimen114
))
("C:\Program Files (x86)\MiKTeX 2.8\tex\latex\ams\math\amsbsy.sty"
Package: amsbsy 1999/11/29 v1.2d
\pmbraise@=\dimen115
)
("C:\Program Files (x86)\MiKTeX 2.8\tex\latex\ams\math\amsopn.sty"
Package: amsopn 1999/12/14 v2.01 operator names
)
\inf@bad=\count96
LaTeX Info: Redefining \frac on input line 211.
\uproot@=\count97
\leftroot@=\count98
LaTeX Info: Redefining \overline on input line 307.
\classnum@=\count99
\DOTSCASE@=\count100
LaTeX Info: Redefining \ldots on input line 379.
LaTeX Info: Redefining \dots on input line 382.
LaTeX Info: Redefining \cdots on input line 467.
\Mathstrutbox@=\box49
\strutbox@=\box50
\big@size=\dimen116
LaTeX Font Info:    Redeclaring font encoding OML on input line 567.
LaTeX Font Info:    Redeclaring font encoding OMS on input line 568.
\macc@depth=\count101
\c@MaxMatrixCols=\count102
\dotsspace@=\muskip10
\c@parentequation=\count103
\dspbrk@lvl=\count104
\tag@help=\toks20
\row@=\count105
\column@=\count106
\maxfields@=\count107
\andhelp@=\toks21
\eqnshift@=\dimen117
\alignsep@=\dimen118
\tagshift@=\dimen119
\tagwidth@=\dimen120
\totwidth@=\dimen121
\lineht@=\dimen122
\@envbody=\toks22
\multlinegap=\skip118
\multlinetaggap=\skip119
\mathdisplay@stack=\toks23
LaTeX Info: Redefining \[ on input line 2666.
LaTeX Info: Redefining \] on input line 2667.
)
("C:\Program Files (x86)\MiKTeX 2.8\tex\latex\ams\classes\amsthm.sty"
Package: amsthm 2004/08/06 v2.20
\thm@style=\toks24
\thm@bodyfont=\toks25
\thm@headfont=\toks26
\thm@notefont=\toks27
\thm@headpunct=\toks28
\thm@preskip=\skip120
\thm@postskip=\skip121
\thm@headsep=\skip122
\dth@everypar=\toks29
)
(C:\Users\Mark\AppData\Roaming\MiKTeX\2.8\tex\latex\algorithms\algorithm.sty
Package: algorithm 2009/08/24 v0.1 Document Style `algorithm' - floating enviro
nment

("C:\Program Files (x86)\MiKTeX 2.8\tex\latex\float\float.sty"
Package: float 2001/11/08 v1.3d Float enhancements (AL)
\c@float@type=\count108
\float@exts=\toks30
\float@box=\box51
\@float@everytoks=\toks31
\@floatcapt=\box52
)
("C:\Program Files (x86)\MiKTeX 2.8\tex\latex\base\ifthen.sty"
Package: ifthen 2001/05/26 v1.1c Standard LaTeX ifthen package (DPC)
)
\@float@every@algorithm=\toks32
\c@algorithm=\count109
)
(C:\Users\Mark\AppData\Roaming\MiKTeX\2.8\tex\latex\algorithms\algorithmic.sty
Package: algorithmic 2009/08/24 v0.1 Document Style `algorithmic'
\c@ALC@unique=\count110
\c@ALC@line=\count111
\c@ALC@rem=\count112
\c@ALC@depth=\count113
\ALC@tlm=\skip123
\algorithmicindent=\skip124
) (N:\eecs340\hw04\Algorithms_hw4.aux)
LaTeX Font Info:    Checking defaults for OML/cmm/m/it on input line 8.
LaTeX Font Info:    ... okay on input line 8.
LaTeX Font Info:    Checking defaults for T1/cmr/m/n on input line 8.
LaTeX Font Info:    ... okay on input line 8.
LaTeX Font Info:    Checking defaults for OT1/cmr/m/n on input line 8.
LaTeX Font Info:    ... okay on input line 8.
LaTeX Font Info:    Checking defaults for OMS/cmsy/m/n on input line 8.
LaTeX Font Info:    ... okay on input line 8.
LaTeX Font Info:    Checking defaults for OMX/cmex/m/n on input line 8.
LaTeX Font Info:    ... okay on input line 8.
LaTeX Font Info:    Checking defaults for U/cmr/m/n on input line 8.
LaTeX Font Info:    ... okay on input line 8.

*geometry* driver: auto-detecting
*geometry* detected driver: pdftex
*geometry* verbose mode - [ preamble ] result:
* driver: pdftex
* paper: <default>
* layout: <same size as paper>
* layoutoffset:(h,v)=(0.0pt,0.0pt)
* modes: 
* h-part:(L,W,R)=(72.26999pt, 469.75502pt, 72.26999pt)
* v-part:(T,H,B)=(72.26999pt, 650.43001pt, 72.26999pt)
* \paperwidth=614.295pt
* \paperheight=794.96999pt
* \textwidth=469.75502pt
* \textheight=650.43001pt
* \oddsidemargin=0.0pt
* \evensidemargin=0.0pt
* \topmargin=-37.0pt
* \headheight=12.0pt
* \headsep=25.0pt
* \topskip=11.0pt
* \footskip=30.0pt
* \marginparwidth=59.0pt
* \marginparsep=10.0pt
* \columnsep=10.0pt
* \skip\footins=10.0pt plus 4.0pt minus 2.0pt
* \hoffset=0.0pt
* \voffset=0.0pt
* \mag=1000
* \@twocolumnfalse
* \@twosidefalse
* \@mparswitchfalse
* \@reversemarginfalse
* (1in=72.27pt=25.4mm, 1cm=28.453pt)

("C:\Program Files (x86)\MiKTeX 2.8\tex\context\base\supp-pdf.tex"
[Loading MPS to PDF converter (version 2006.09.02).]
\scratchcounter=\count114
\scratchdimen=\dimen123
\scratchbox=\box53
\nofMPsegments=\count115
\nofMParguments=\count116
\everyMPshowfont=\toks33
\MPscratchCnt=\count117
\MPscratchDim=\dimen124
\MPnumerator=\count118
\everyMPtoPDFconversion=\toks34
)
Underfull \hbox (badness 10000) in paragraph at lines 31--36

 []

[1

{C:/Users/Mark/AppData/Local/MiKTeX/2.8/pdftex/config/pdftex.map}] [2]
(N:\eecs340\hw04\Algorithms_hw4.aux) ) 
Here is how much of TeX's memory you used:
 2566 strings out of 495269
 32766 string characters out of 3179600
 105941 words of memory out of 3000000
 5775 multiletter control sequences out of 15000+200000
 10604 words of font info for 38 fonts, out of 3000000 for 9000
 14 hyphenation exceptions out of 8191
 27i,9n,32p,257b,319s stack positions out of 5000i,500n,10000p,200000b,50000s
<C:/Program Files (x86)/MiKTeX 2.8/fonts/
type1/public/amsfonts/cm/cmbx10.pfb><C:/Program Files (x86)/MiKTeX 2.8/fonts/ty
pe1/public/amsfonts/cm/cmbx12.pfb><C:/Program Files (x86)/MiKTeX 2.8/fonts/type
1/public/amsfonts/cm/cmcsc10.pfb><C:/Program Files (x86)/MiKTeX 2.8/fonts/type1
/public/amsfonts/cm/cmmi10.pfb><C:/Program Files (x86)/MiKTeX 2.8/fonts/type1/p
ublic/amsfonts/cm/cmmi6.pfb><C:/Program Files (x86)/MiKTeX 2.8/fonts/type1/publ
ic/amsfonts/cm/cmmi8.pfb><C:/Program Files (x86)/MiKTeX 2.8/fonts/type1/public/
amsfonts/cm/cmr10.pfb><C:/Program Files (x86)/MiKTeX 2.8/fonts/type1/public/ams
fonts/cm/cmr12.pfb><C:/Program Files (x86)/MiKTeX 2.8/fonts/type1/public/amsfon
ts/cm/cmr17.pfb><C:/Program Files (x86)/MiKTeX 2.8/fonts/type1/public/amsfonts/
cm/cmr6.pfb><C:/Program Files (x86)/MiKTeX 2.8/fonts/type1/public/amsfonts/cm/c
mr8.pfb><C:/Program Files (x86)/MiKTeX 2.8/fonts/type1/public/amsfonts/cm/cmr9.
pfb><C:/Program Files (x86)/MiKTeX 2.8/fonts/type1/public/amsfonts/cm/cmsy10.pf
b>
Output written on Algorithms_hw4.pdf (2 pages, 137006 bytes).
PDF statistics:
 61 PDF objects out of 1000 (max. 8388607)
 0 named destinations out of 1000 (max. 500000)
 1 words of extra memory for PDF output out of 10000 (max. 10000000)

